c:\qcmat-master\build\plugins\qcmat\qcmat.dir\debug\vc141.pdb
c:\qcmat-master\build\plugins\qcmat\qcmat.dir\debug\mocs_compilation.obj
c:\qcmat-master\build\plugins\qcmat\qcmat.dir\debug\qrc_qcmat.obj
c:\qcmat-master\build\plugins\qcmat\qcmat.dir\debug\ccqcmatsplashscreen.obj
c:\qcmat-master\build\plugins\qcmat\qcmat.dir\debug\ccqcmattools.obj
c:\qcmat-master\build\plugins\qcmat\qcmat.dir\debug\ccdisplayshoreline.obj
c:\qcmat-master\build\plugins\qcmat\qcmat.dir\debug\ccdisplaysurface.obj
c:\qcmat-master\build\plugins\qcmat\qcmat.dir\debug\ccdisplayvolume.obj
c:\qcmat-master\build\plugins\qcmat\qcmat.dir\debug\ccvolumetool.obj
c:\qcmat-master\build\plugins\qcmat\qcmat.dir\debug\qcmatdlg.obj
c:\qcmat-master\build\plugins\qcmat\qcmat.dir\debug\ccpickinghub.obj
c:\qcmat-master\build\plugins\qcmat\qcmat.dir\debug\ccoverlaydialog.obj
c:\qcmat-master\build\plugins\qcmat\qcmat.dir\debug\ccstdplugininterface.obj
c:\qcmat-master\build\plugins\qcmat\qcmat.dir\debug\ccdefaultplugininterface.obj
c:\qcmat-master\build\plugins\qcmat\qcmat.dir\debug\qcmat.obj
c:\qcmat-master\build\plugins\qcmat\qcmat.dir\debug\ccextractprofile.obj
c:\qcmat-master\build\plugins\qcmat\ui_dlg.h
c:\qcmat-master\build\plugins\qcmat\ui_ccvolumetool.h
c:\qcmat-master\build\plugins\qcmat\ui_displayvolume.h
c:\qcmat-master\build\plugins\qcmat\ui_displaysurface.h
c:\qcmat-master\build\plugins\qcmat\ui_displayshoreline.h
c:\qcmat-master\build\plugins\qcmat\ui_extractprofile.h
c:\qcmat-master\build\plugins\qcmat\ui_ccqcmatsplashscreen.h
c:\qcmat-master\build\plugins\qcmat\qrc_qcmat.cpp
c:\qcmat-master\build\plugins\qcmat\cmakefiles\generate.stamp
c:\qcmat-master\build\plugins\qcmat\debug\qcmatd.pdb
c:\qcmat-master\build\plugins\qcmat\qcmat.dir\debug\qcmat.tlog\cl.command.1.tlog
c:\qcmat-master\build\plugins\qcmat\qcmat.dir\debug\qcmat.tlog\cl.read.1.tlog
c:\qcmat-master\build\plugins\qcmat\qcmat.dir\debug\qcmat.tlog\cl.write.1.tlog
c:\qcmat-master\build\plugins\qcmat\qcmat.dir\debug\qcmat.tlog\custombuild.command.1.tlog
c:\qcmat-master\build\plugins\qcmat\qcmat.dir\debug\qcmat.tlog\custombuild.read.1.tlog
c:\qcmat-master\build\plugins\qcmat\qcmat.dir\debug\qcmat.tlog\custombuild.write.1.tlog
c:\qcmat-master\build\plugins\qcmat\qcmat.dir\debug\qcmat.tlog\link-cvtres.read.1.tlog
c:\qcmat-master\build\plugins\qcmat\qcmat.dir\debug\qcmat.tlog\link-cvtres.write.1.tlog
c:\qcmat-master\build\plugins\qcmat\qcmat.dir\debug\qcmat.tlog\link-rc.read.1.tlog
c:\qcmat-master\build\plugins\qcmat\qcmat.dir\debug\qcmat.tlog\link-rc.write.1.tlog
c:\qcmat-master\build\plugins\qcmat\qcmat.dir\debug\qcmat.tlog\link.command.1.tlog
c:\qcmat-master\build\plugins\qcmat\qcmat.dir\debug\qcmat.tlog\link.read.1.tlog
c:\qcmat-master\build\plugins\qcmat\qcmat.dir\debug\qcmat.tlog\link.write.1.tlog
