c:\qcmat-master\build\libs\qcc_io\qcc_io_lib.dir\debug\vc141.pdb
c:\qcmat-master\build\libs\qcc_io\qcc_io_lib.dir\debug\ptxfilter.obj
c:\qcmat-master\build\libs\qcc_io\qcc_io_lib.dir\debug\objfilter.obj
c:\qcmat-master\build\libs\qcc_io\qcc_io_lib.dir\debug\offfilter.obj
c:\qcmat-master\build\libs\qcc_io\qcc_io_lib.dir\debug\mascaretfilter.obj
c:\qcmat-master\build\libs\qcc_io\qcc_io_lib.dir\debug\mafilter.obj
c:\qcmat-master\build\libs\qcc_io\qcc_io_lib.dir\debug\lasopendlg.obj
c:\qcmat-master\build\libs\qcc_io\qcc_io_lib.dir\debug\lasfilter.obj
c:\qcmat-master\build\libs\qcc_io\qcc_io_lib.dir\debug\lasfields.obj
c:\qcmat-master\build\libs\qcc_io\qcc_io_lib.dir\debug\imagefilefilter.obj
c:\qcmat-master\build\libs\qcc_io\qcc_io_lib.dir\debug\heightprofilefilter.obj
c:\qcmat-master\build\libs\qcc_io\qcc_io_lib.dir\debug\fileiofilter.obj
c:\qcmat-master\build\libs\qcc_io\qcc_io_lib.dir\debug\fileio.obj
c:\qcmat-master\build\libs\qcc_io\qcc_io_lib.dir\debug\fbxfilter.obj
c:\qcmat-master\build\libs\qcc_io\qcc_io_lib.dir\debug\e57filter.obj
c:\qcmat-master\build\libs\qcc_io\qcc_io_lib.dir\debug\dxffilter.obj
c:\qcmat-master\build\libs\qcc_io\qcc_io_lib.dir\debug\depthmapfilefilter.obj
c:\qcmat-master\build\libs\qcc_io\qcc_io_lib.dir\debug\binfilter.obj
c:\qcmat-master\build\libs\qcc_io\qcc_io_lib.dir\debug\asciisavedlg.obj
c:\qcmat-master\build\libs\qcc_io\qcc_io_lib.dir\debug\asciiopendlg.obj
c:\qcmat-master\build\libs\qcc_io\qcc_io_lib.dir\debug\asciifilter.obj
c:\qcmat-master\build\libs\qcc_io\qcc_io_lib.dir\debug\mocs_compilation.obj
c:\qcmat-master\build\libs\qcc_io\qcc_io_lib.dir\debug\ccshiftandscaleclouddlg.obj
c:\qcmat-master\build\libs\qcc_io\qcc_io_lib.dir\debug\ccglobalshiftmanager.obj
c:\qcmat-master\build\libs\qcc_io\qcc_io_lib.dir\debug\vtkfilter.obj
c:\qcmat-master\build\libs\qcc_io\qcc_io_lib.dir\debug\simplebinfilter.obj
c:\qcmat-master\build\libs\qcc_io\qcc_io_lib.dir\debug\shpfilter.obj
c:\qcmat-master\build\libs\qcc_io\qcc_io_lib.dir\debug\shpdbffields.obj
c:\qcmat-master\build\libs\qcc_io\qcc_io_lib.dir\debug\stlfilter.obj
c:\qcmat-master\build\libs\qcc_io\qcc_io_lib.dir\debug\rastergridfilter.obj
c:\qcmat-master\build\libs\qcc_io\qcc_io_lib.dir\debug\plyopendlg.obj
c:\qcmat-master\build\libs\qcc_io\qcc_io_lib.dir\debug\plyfilter.obj
c:\qcmat-master\build\libs\qcc_io\qcc_io_lib.dir\debug\rply.obj
c:\qcmat-master\build\libs\qcc_io\ui_globalshiftandscaleaboutdlg.h
c:\qcmat-master\build\libs\qcc_io\ui_globalshiftandscaledlg.h
c:\qcmat-master\build\libs\qcc_io\ui_importdbffielddlg.h
c:\qcmat-master\build\libs\qcc_io\ui_openasciifiledlg.h
c:\qcmat-master\build\libs\qcc_io\ui_openlasfiledlg.h
c:\qcmat-master\build\libs\qcc_io\ui_openplyfiledlg.h
c:\qcmat-master\build\libs\qcc_io\ui_saveasciifiledlg.h
c:\qcmat-master\build\libs\qcc_io\ui_savelasfiledlg.h
c:\qcmat-master\build\libs\qcc_io\ui_savemascaretfiledlg.h
c:\qcmat-master\build\libs\qcc_io\ui_saveshpfiledlg.h
c:\qcmat-master\build\libs\qcc_io\cmakefiles\generate.stamp
c:\qcmat-master\build\libs\qcc_io\debug\qcc_io_libd.ilk
c:\qcmat-master\build\libs\qcc_io\debug\qcc_io_libd.dll
c:\qcmat-master\build\libs\qcc_io\debug\qcc_io_libd.pdb
c:\qcmat-master\build\libs\qcc_io\debug\qcc_io_libd.lib
c:\qcmat-master\build\libs\qcc_io\debug\qcc_io_libd.exp
c:\qcmat-master\build\libs\qcc_io\qcc_io_lib.dir\debug\qcc_io_lib.tlog\cl.command.1.tlog
c:\qcmat-master\build\libs\qcc_io\qcc_io_lib.dir\debug\qcc_io_lib.tlog\cl.read.1.tlog
c:\qcmat-master\build\libs\qcc_io\qcc_io_lib.dir\debug\qcc_io_lib.tlog\cl.write.1.tlog
c:\qcmat-master\build\libs\qcc_io\qcc_io_lib.dir\debug\qcc_io_lib.tlog\custombuild.command.1.tlog
c:\qcmat-master\build\libs\qcc_io\qcc_io_lib.dir\debug\qcc_io_lib.tlog\custombuild.read.1.tlog
c:\qcmat-master\build\libs\qcc_io\qcc_io_lib.dir\debug\qcc_io_lib.tlog\custombuild.write.1.tlog
c:\qcmat-master\build\libs\qcc_io\qcc_io_lib.dir\debug\qcc_io_lib.tlog\link.command.1.tlog
c:\qcmat-master\build\libs\qcc_io\qcc_io_lib.dir\debug\qcc_io_lib.tlog\link.read.1.tlog
c:\qcmat-master\build\libs\qcc_io\qcc_io_lib.dir\debug\qcc_io_lib.tlog\link.write.1.tlog
c:\qcmat-master\build\libs\qcc_io\qcc_io_lib.dir\debug\qcc_io_lib.tlog\qcc_io_lib.write.1u.tlog
