c:\qcmat-master\build\libs\qcc_db\qcc_db_lib.dir\debug\vc141.pdb
c:\qcmat-master\build\libs\qcc_db\qcc_db_lib.dir\debug\ccfastmarchingfornormsdirection.obj
c:\qcmat-master\build\libs\qcc_db\qcc_db_lib.dir\debug\ccfacet.obj
c:\qcmat-master\build\libs\qcc_db\qcc_db_lib.dir\debug\ccextru.obj
c:\qcmat-master\build\libs\qcc_db\qcc_db_lib.dir\debug\ccexternalfactory.obj
c:\qcmat-master\build\libs\qcc_db\qcc_db_lib.dir\debug\ccdrawableobject.obj
c:\qcmat-master\build\libs\qcc_db\qcc_db_lib.dir\debug\ccdish.obj
c:\qcmat-master\build\libs\qcc_db\qcc_db_lib.dir\debug\cccylinder.obj
c:\qcmat-master\build\libs\qcc_db\qcc_db_lib.dir\debug\cccone.obj
c:\qcmat-master\build\libs\qcc_db\qcc_db_lib.dir\debug\cccolortypes.obj
c:\qcmat-master\build\libs\qcc_db\qcc_db_lib.dir\debug\cccolorscalesmanager.obj
c:\qcmat-master\build\libs\qcc_db\qcc_db_lib.dir\debug\cccolorscale.obj
c:\qcmat-master\build\libs\qcc_db\qcc_db_lib.dir\debug\cccolorrampshader.obj
c:\qcmat-master\build\libs\qcc_db\qcc_db_lib.dir\debug\ccclipbox.obj
c:\qcmat-master\build\libs\qcc_db\qcc_db_lib.dir\debug\cccamerasensor.obj
c:\qcmat-master\build\libs\qcc_db\qcc_db_lib.dir\debug\ccbox.obj
c:\qcmat-master\build\libs\qcc_db\qcc_db_lib.dir\debug\ccbbox.obj
c:\qcmat-master\build\libs\qcc_db\qcc_db_lib.dir\debug\ccadvancedtypes.obj
c:\qcmat-master\build\libs\qcc_db\qcc_db_lib.dir\debug\cc2dviewportobject.obj
c:\qcmat-master\build\libs\qcc_db\qcc_db_lib.dir\debug\cc2dviewportlabel.obj
c:\qcmat-master\build\libs\qcc_db\qcc_db_lib.dir\debug\cc2dlabel.obj
c:\qcmat-master\build\libs\qcc_db\qcc_db_lib.dir\debug\ccnormalvectors.obj
c:\qcmat-master\build\libs\qcc_db\qcc_db_lib.dir\debug\ccnormalcompressor.obj
c:\qcmat-master\build\libs\qcc_db\qcc_db_lib.dir\debug\ccminimumspanningtreefornormsdirection.obj
c:\qcmat-master\build\libs\qcc_db\qcc_db_lib.dir\debug\ccmeshgroup.obj
c:\qcmat-master\build\libs\qcc_db\qcc_db_lib.dir\debug\ccmesh.obj
c:\qcmat-master\build\libs\qcc_db\qcc_db_lib.dir\debug\ccmaterialset.obj
c:\qcmat-master\build\libs\qcc_db\qcc_db_lib.dir\debug\ccmaterial.obj
c:\qcmat-master\build\libs\qcc_db\qcc_db_lib.dir\debug\cclog.obj
c:\qcmat-master\build\libs\qcc_db\qcc_db_lib.dir\debug\cckdtree.obj
c:\qcmat-master\build\libs\qcc_db\qcc_db_lib.dir\debug\ccindexedtransformationbuffer.obj
c:\qcmat-master\build\libs\qcc_db\qcc_db_lib.dir\debug\ccindexedtransformation.obj
c:\qcmat-master\build\libs\qcc_db\qcc_db_lib.dir\debug\ccimage.obj
c:\qcmat-master\build\libs\qcc_db\qcc_db_lib.dir\debug\cchobjectcaster.obj
c:\qcmat-master\build\libs\qcc_db\qcc_db_lib.dir\debug\cchobject.obj
c:\qcmat-master\build\libs\qcc_db\qcc_db_lib.dir\debug\ccgriddedtools.obj
c:\qcmat-master\build\libs\qcc_db\qcc_db_lib.dir\debug\ccgenericprimitive.obj
c:\qcmat-master\build\libs\qcc_db\qcc_db_lib.dir\debug\ccgenericpointcloud.obj
c:\qcmat-master\build\libs\qcc_db\qcc_db_lib.dir\debug\ccgenericmesh.obj
c:\qcmat-master\build\libs\qcc_db\qcc_db_lib.dir\debug\ccgenericgldisplay.obj
c:\qcmat-master\build\libs\qcc_db\qcc_db_lib.dir\debug\ccgblsensor.obj
c:\qcmat-master\build\libs\qcc_db\qcc_db_lib.dir\debug\ccwaveform.obj
c:\qcmat-master\build\libs\qcc_db\qcc_db_lib.dir\debug\cctorus.obj
c:\qcmat-master\build\libs\qcc_db\qcc_db_lib.dir\debug\ccsubmesh.obj
c:\qcmat-master\build\libs\qcc_db\qcc_db_lib.dir\debug\ccsphere.obj
c:\qcmat-master\build\libs\qcc_db\qcc_db_lib.dir\debug\ccshiftedobject.obj
c:\qcmat-master\build\libs\qcc_db\qcc_db_lib.dir\debug\ccsensor.obj
c:\qcmat-master\build\libs\qcc_db\qcc_db_lib.dir\debug\ccscalarfield.obj
c:\qcmat-master\build\libs\qcc_db\qcc_db_lib.dir\debug\ccrastergrid.obj
c:\qcmat-master\build\libs\qcc_db\qcc_db_lib.dir\debug\ccquadric.obj
c:\qcmat-master\build\libs\qcc_db\qcc_db_lib.dir\debug\ccprogressdialog.obj
c:\qcmat-master\build\libs\qcc_db\qcc_db_lib.dir\debug\ccpolyline.obj
c:\qcmat-master\build\libs\qcc_db\qcc_db_lib.dir\debug\ccpointcloudlod.obj
c:\qcmat-master\build\libs\qcc_db\qcc_db_lib.dir\debug\ccpointcloudinterpolator.obj
c:\qcmat-master\build\libs\qcc_db\qcc_db_lib.dir\debug\ccpointcloud.obj
c:\qcmat-master\build\libs\qcc_db\qcc_db_lib.dir\debug\ccplane.obj
c:\qcmat-master\build\libs\qcc_db\qcc_db_lib.dir\debug\ccplanarentityinterface.obj
c:\qcmat-master\build\libs\qcc_db\qcc_db_lib.dir\debug\ccoctreespinbox.obj
c:\qcmat-master\build\libs\qcc_db\qcc_db_lib.dir\debug\ccoctreeproxy.obj
c:\qcmat-master\build\libs\qcc_db\qcc_db_lib.dir\debug\ccoctree.obj
c:\qcmat-master\build\libs\qcc_db\qcc_db_lib.dir\debug\ccobject.obj
c:\qcmat-master\build\libs\qcc_db\qcc_db_lib.dir\debug\mocs_compilation.obj
c:\qcmat-master\build\libs\qcc_db\cmakefiles\generate.stamp
c:\qcmat-master\build\libs\qcc_db\debug\qcc_db_libd.ilk
c:\qcmat-master\build\libs\qcc_db\debug\qcc_db_libd.dll
c:\qcmat-master\build\libs\qcc_db\debug\qcc_db_libd.pdb
c:\qcmat-master\build\libs\qcc_db\debug\qcc_db_libd.lib
c:\qcmat-master\build\libs\qcc_db\debug\qcc_db_libd.exp
c:\qcmat-master\build\libs\qcc_db\qcc_db_lib.dir\debug\qcc_db_lib.tlog\cl.command.1.tlog
c:\qcmat-master\build\libs\qcc_db\qcc_db_lib.dir\debug\qcc_db_lib.tlog\cl.read.1.tlog
c:\qcmat-master\build\libs\qcc_db\qcc_db_lib.dir\debug\qcc_db_lib.tlog\cl.write.1.tlog
c:\qcmat-master\build\libs\qcc_db\qcc_db_lib.dir\debug\qcc_db_lib.tlog\custombuild.command.1.tlog
c:\qcmat-master\build\libs\qcc_db\qcc_db_lib.dir\debug\qcc_db_lib.tlog\custombuild.read.1.tlog
c:\qcmat-master\build\libs\qcc_db\qcc_db_lib.dir\debug\qcc_db_lib.tlog\custombuild.write.1.tlog
c:\qcmat-master\build\libs\qcc_db\qcc_db_lib.dir\debug\qcc_db_lib.tlog\link.command.1.tlog
c:\qcmat-master\build\libs\qcc_db\qcc_db_lib.dir\debug\qcc_db_lib.tlog\link.read.1.tlog
c:\qcmat-master\build\libs\qcc_db\qcc_db_lib.dir\debug\qcc_db_lib.tlog\link.write.1.tlog
c:\qcmat-master\build\libs\qcc_db\qcc_db_lib.dir\debug\qcc_db_lib.tlog\qcc_db_lib.write.1u.tlog
