c:\qcmat-master\build\cc\debug\cc_core_libd.lib
c:\qcmat-master\build\cc\debug\cc_core_libd.exp
c:\qcmat-master\build\cc\cc_core_lib.dir\debug\vc141.pdb
c:\qcmat-master\build\cc\cc_core_lib.dir\debug\normaldistribution.obj
c:\qcmat-master\build\cc\cc_core_lib.dir\debug\neighbourhood.obj
c:\qcmat-master\build\cc\cc_core_lib.dir\debug\meshsamplingtools.obj
c:\qcmat-master\build\cc\cc_core_lib.dir\debug\manualsegmentationtools.obj
c:\qcmat-master\build\cc\cc_core_lib.dir\debug\localmodel.obj
c:\qcmat-master\build\cc\cc_core_lib.dir\debug\kdtree.obj
c:\qcmat-master\build\cc\cc_core_lib.dir\debug\geometricalanalysistools.obj
c:\qcmat-master\build\cc\cc_core_lib.dir\debug\fastmarchingforpropagation.obj
c:\qcmat-master\build\cc\cc_core_lib.dir\debug\fastmarching.obj
c:\qcmat-master\build\cc\cc_core_lib.dir\debug\errorfunction.obj
c:\qcmat-master\build\cc\cc_core_lib.dir\debug\distancecomputationtools.obj
c:\qcmat-master\build\cc\cc_core_lib.dir\debug\dgmoctreereferencecloud.obj
c:\qcmat-master\build\cc\cc_core_lib.dir\debug\dgmoctree.obj
c:\qcmat-master\build\cc\cc_core_lib.dir\debug\delaunay2dmesh.obj
c:\qcmat-master\build\cc\cc_core_lib.dir\debug\cloudsamplingtools.obj
c:\qcmat-master\build\cc\cc_core_lib.dir\debug\chunkedpointcloud.obj
c:\qcmat-master\build\cc\cc_core_lib.dir\debug\chamferdistancetransform.obj
c:\qcmat-master\build\cc\cc_core_lib.dir\debug\ccshareable.obj
c:\qcmat-master\build\cc\cc_core_lib.dir\debug\ccmisctools.obj
c:\qcmat-master\build\cc\cc_core_lib.dir\debug\autosegmentationtools.obj
c:\qcmat-master\build\cc\cc_core_lib.dir\debug\mocs_compilation.obj
c:\qcmat-master\build\cc\cc_core_lib.dir\debug\weibulldistribution.obj
c:\qcmat-master\build\cc\cc_core_lib.dir\debug\truekdtree.obj
c:\qcmat-master\build\cc\cc_core_lib.dir\debug\statisticaltestingtools.obj
c:\qcmat-master\build\cc\cc_core_lib.dir\debug\simplemesh.obj
c:\qcmat-master\build\cc\cc_core_lib.dir\debug\simplecloud.obj
c:\qcmat-master\build\cc\cc_core_lib.dir\debug\scalarfieldtools.obj
c:\qcmat-master\build\cc\cc_core_lib.dir\debug\scalarfield.obj
c:\qcmat-master\build\cc\cc_core_lib.dir\debug\saitosquareddistancetransform.obj
c:\qcmat-master\build\cc\cc_core_lib.dir\debug\registrationtools.obj
c:\qcmat-master\build\cc\cc_core_lib.dir\debug\referencecloud.obj
c:\qcmat-master\build\cc\cc_core_lib.dir\debug\polyline.obj
c:\qcmat-master\build\cc\cc_core_lib.dir\debug\pointprojectiontools.obj
c:\qcmat-master\build\cc\cc_core_lib.dir\debug\normalizedprogress.obj
c:\qcmat-master\build\cc\cmakefiles\generate.stamp
c:\qcmat-master\build\cc\debug\cc_core_libd.ilk
c:\qcmat-master\build\cc\debug\cc_core_libd.dll
c:\qcmat-master\build\cc\debug\cc_core_libd.pdb
c:\qcmat-master\build\cc\cc_core_lib.dir\debug\cc_core_lib.tlog\cc_core_lib.write.1u.tlog
c:\qcmat-master\build\cc\cc_core_lib.dir\debug\cc_core_lib.tlog\cl.command.1.tlog
c:\qcmat-master\build\cc\cc_core_lib.dir\debug\cc_core_lib.tlog\cl.read.1.tlog
c:\qcmat-master\build\cc\cc_core_lib.dir\debug\cc_core_lib.tlog\cl.write.1.tlog
c:\qcmat-master\build\cc\cc_core_lib.dir\debug\cc_core_lib.tlog\custombuild.command.1.tlog
c:\qcmat-master\build\cc\cc_core_lib.dir\debug\cc_core_lib.tlog\custombuild.read.1.tlog
c:\qcmat-master\build\cc\cc_core_lib.dir\debug\cc_core_lib.tlog\custombuild.write.1.tlog
c:\qcmat-master\build\cc\cc_core_lib.dir\debug\cc_core_lib.tlog\link.command.1.tlog
c:\qcmat-master\build\cc\cc_core_lib.dir\debug\cc_core_lib.tlog\link.read.1.tlog
c:\qcmat-master\build\cc\cc_core_lib.dir\debug\cc_core_lib.tlog\link.write.1.tlog
