  Automatic MOC for target CC_CORE_LIB
  Building Custom Rule C:/qCMAT-master/CC/CMakeLists.txt
  CMake does not need to re-run because C:/qCMAT-master/build/CC/CMakeFiles/generate.stamp is up-to-date.
  AutoSegmentationTools.cpp
  CCMiscTools.cpp
  CCShareable.cpp
  ChamferDistanceTransform.cpp
  ChunkedPointCloud.cpp
  CloudSamplingTools.cpp
  Delaunay2dMesh.cpp
  DgmOctree.cpp
  DgmOctreeReferenceCloud.cpp
  DistanceComputationTools.cpp
  ErrorFunction.cpp
  FastMarching.cpp
  FastMarchingForPropagation.cpp
  GeometricalAnalysisTools.cpp
  KdTree.cpp
  LocalModel.cpp
  ManualSegmentationTools.cpp
  MeshSamplingTools.cpp
  Neighbourhood.cpp
  NormalDistribution.cpp
  Generating Code...
  Compiling...
  NormalizedProgress.cpp
  PointProjectionTools.cpp
  Polyline.cpp
  ReferenceCloud.cpp
  RegistrationTools.cpp
  SaitoSquaredDistanceTransform.cpp
  ScalarField.cpp
  ScalarFieldTools.cpp
  SimpleCloud.cpp
  SimpleMesh.cpp
  StatisticalTestingTools.cpp
  TrueKdTree.cpp
  WeibullDistribution.cpp
  mocs_compilation.cpp
  Generating Code...
     Creating library C:/qCMAT-master/build/CC/Debug/CC_CORE_LIBd.lib and object C:/qCMAT-master/build/CC/Debug/CC_CORE_LIBd.exp
  CC_CORE_LIB.vcxproj -> C:\qCMAT-master\build\CC\Debug\CC_CORE_LIBd.dll
