c:\qcmat-master\build\plugins\core\qcompass\qcompass_plugin.dir\debug\vc141.pdb
c:\qcmat-master\build\plugins\core\qcompass\qcompass_plugin.dir\debug\ccthickness.obj
c:\qcmat-master\build\plugins\core\qcompass\qcompass_plugin.dir\debug\ccpointpair.obj
c:\qcmat-master\build\plugins\core\qcompass\qcompass_plugin.dir\debug\ccpinchnodetool.obj
c:\qcmat-master\build\plugins\core\qcompass\qcompass_plugin.dir\debug\ccpinchnode.obj
c:\qcmat-master\build\plugins\core\qcompass\qcompass_plugin.dir\debug\ccnotetool.obj
c:\qcmat-master\build\plugins\core\qcompass\qcompass_plugin.dir\debug\ccnote.obj
c:\qcmat-master\build\plugins\core\qcompass\qcompass_plugin.dir\debug\ccmousecircle.obj
c:\qcmat-master\build\plugins\core\qcompass\qcompass_plugin.dir\debug\ccmapdlg.obj
c:\qcmat-master\build\plugins\core\qcompass\qcompass_plugin.dir\debug\cclineationtool.obj
c:\qcmat-master\build\plugins\core\qcompass\qcompass_plugin.dir\debug\cclineation.obj
c:\qcmat-master\build\plugins\core\qcompass\qcompass_plugin.dir\debug\ccgeoobject.obj
c:\qcmat-master\build\plugins\core\qcompass\qcompass_plugin.dir\debug\ccfitplanetool.obj
c:\qcmat-master\build\plugins\core\qcompass\qcompass_plugin.dir\debug\ccfitplane.obj
c:\qcmat-master\build\plugins\core\qcompass\qcompass_plugin.dir\debug\cccompassinfo.obj
c:\qcmat-master\build\plugins\core\qcompass\qcompass_plugin.dir\debug\cccompassdlg.obj
c:\qcmat-master\build\plugins\core\qcompass\qcompass_plugin.dir\debug\ccpickinghub.obj
c:\qcmat-master\build\plugins\core\qcompass\qcompass_plugin.dir\debug\ccoverlaydialog.obj
c:\qcmat-master\build\plugins\core\qcompass\qcompass_plugin.dir\debug\ccstdplugininterface.obj
c:\qcmat-master\build\plugins\core\qcompass\qcompass_plugin.dir\debug\ccdefaultplugininterface.obj
c:\qcmat-master\build\plugins\core\qcompass\qcompass_plugin.dir\debug\cccompass.obj
c:\qcmat-master\build\plugins\core\qcompass\qcompass_plugin.dir\debug\mocs_compilation.obj
c:\qcmat-master\build\plugins\core\qcompass\qcompass_plugin.dir\debug\qrc_cccompass.obj
c:\qcmat-master\build\plugins\core\qcompass\qcompass_plugin.dir\debug\cctracetool.obj
c:\qcmat-master\build\plugins\core\qcompass\qcompass_plugin.dir\debug\cctrace.obj
c:\qcmat-master\build\plugins\core\qcompass\qcompass_plugin.dir\debug\cctopologytool.obj
c:\qcmat-master\build\plugins\core\qcompass\qcompass_plugin.dir\debug\cctopologyrelation.obj
c:\qcmat-master\build\plugins\core\qcompass\qcompass_plugin.dir\debug\ccthicknesstool.obj
c:\qcmat-master\build\plugins\core\qcompass\ui_compassdlg.h
c:\qcmat-master\build\plugins\core\qcompass\ui_mapdlg.h
c:\qcmat-master\build\plugins\core\qcompass\qrc_cccompass.cpp
c:\qcmat-master\build\plugins\core\qcompass\cmakefiles\generate.stamp
c:\qcmat-master\build\plugins\core\qcompass\debug\qcompass_plugind.ilk
c:\qcmat-master\build\plugins\core\qcompass\debug\qcompass_plugind.dll
c:\qcmat-master\build\plugins\core\qcompass\debug\qcompass_plugind.pdb
c:\qcmat-master\build\plugins\core\qcompass\debug\qcompass_plugind.lib
c:\qcmat-master\build\plugins\core\qcompass\debug\qcompass_plugind.exp
c:\qcmat-master\build\plugins\core\qcompass\qcompass_plugin.dir\debug\qcompass_plugin.tlog\cl.command.1.tlog
c:\qcmat-master\build\plugins\core\qcompass\qcompass_plugin.dir\debug\qcompass_plugin.tlog\cl.read.1.tlog
c:\qcmat-master\build\plugins\core\qcompass\qcompass_plugin.dir\debug\qcompass_plugin.tlog\cl.write.1.tlog
c:\qcmat-master\build\plugins\core\qcompass\qcompass_plugin.dir\debug\qcompass_plugin.tlog\custombuild.command.1.tlog
c:\qcmat-master\build\plugins\core\qcompass\qcompass_plugin.dir\debug\qcompass_plugin.tlog\custombuild.read.1.tlog
c:\qcmat-master\build\plugins\core\qcompass\qcompass_plugin.dir\debug\qcompass_plugin.tlog\custombuild.write.1.tlog
c:\qcmat-master\build\plugins\core\qcompass\qcompass_plugin.dir\debug\qcompass_plugin.tlog\link.command.1.tlog
c:\qcmat-master\build\plugins\core\qcompass\qcompass_plugin.dir\debug\qcompass_plugin.tlog\link.read.1.tlog
c:\qcmat-master\build\plugins\core\qcompass\qcompass_plugin.dir\debug\qcompass_plugin.tlog\link.write.1.tlog
c:\qcmat-master\build\plugins\core\qcompass\qcompass_plugin.dir\debug\qcompass_plugin.tlog\qcompass_plugin.write.1u.tlog
