c:\qcmat-master\build\ccviewer\ccviewer.dir\debug\vc141.pdb
c:\qcmat-master\build\ccviewer\ccviewer.dir\debug\mocs_compilation.obj
c:\qcmat-master\build\ccviewer\ccviewer.dir\debug\qrc_icones.obj
c:\qcmat-master\build\ccviewer\ccviewer.dir\debug\ccpluginmanager.obj
c:\qcmat-master\build\ccviewer\ccviewer.dir\debug\ccstereomodedlg.obj
c:\qcmat-master\build\ccviewer\ccviewer.dir\debug\ccpickoneelementdlg.obj
c:\qcmat-master\build\ccviewer\ccviewer.dir\debug\ccpickinghub.obj
c:\qcmat-master\build\ccviewer\ccviewer.dir\debug\ccoverlaydialog.obj
c:\qcmat-master\build\ccviewer\ccviewer.dir\debug\ccoptions.obj
c:\qcmat-master\build\ccviewer\ccviewer.dir\debug\ccdisplayoptionsdlg.obj
c:\qcmat-master\build\ccviewer\ccviewer.dir\debug\cccameraparameditdlg.obj
c:\qcmat-master\build\ccviewer\ccviewer.dir\debug\main.obj
c:\qcmat-master\build\ccviewer\ccviewer.dir\debug\ccviewer.obj
c:\qcmat-master\build\ccviewer\ccviewer.dir\debug\ccviewerapplication.obj
c:\qcmat-master\build\ccviewer\ui_ccviewer.h
c:\qcmat-master\build\ccviewer\ui_ccviewerabout.h
c:\qcmat-master\build\ccviewer\ui_cameraparamdlg.h
c:\qcmat-master\build\ccviewer\ui_displayoptionsdlg.h
c:\qcmat-master\build\ccviewer\ui_pickoneelementdlg.h
c:\qcmat-master\build\ccviewer\ui_stereomodedlg.h
c:\qcmat-master\build\ccviewer\qrc_icones.cpp
c:\qcmat-master\build\ccviewer\cmakefiles\generate.stamp
c:\qcmat-master\build\ccviewer\debug\ccviewer.ilk
c:\qcmat-master\build\ccviewer\debug\ccviewer.exe
c:\qcmat-master\build\ccviewer\debug\ccviewer.pdb
c:\qcmat-master\build\ccviewer\ccviewer.dir\debug\cc_viewer_icon.res
c:\qcmat-master\build\ccviewer\ccviewer.dir\debug\ccviewer.tlog\cl.command.1.tlog
c:\qcmat-master\build\ccviewer\ccviewer.dir\debug\ccviewer.tlog\cl.read.1.tlog
c:\qcmat-master\build\ccviewer\ccviewer.dir\debug\ccviewer.tlog\cl.write.1.tlog
c:\qcmat-master\build\ccviewer\ccviewer.dir\debug\ccviewer.tlog\custombuild.command.1.tlog
c:\qcmat-master\build\ccviewer\ccviewer.dir\debug\ccviewer.tlog\custombuild.read.1.tlog
c:\qcmat-master\build\ccviewer\ccviewer.dir\debug\ccviewer.tlog\custombuild.write.1.tlog
c:\qcmat-master\build\ccviewer\ccviewer.dir\debug\ccviewer.tlog\link.command.1.tlog
c:\qcmat-master\build\ccviewer\ccviewer.dir\debug\ccviewer.tlog\link.read.1.tlog
c:\qcmat-master\build\ccviewer\ccviewer.dir\debug\ccviewer.tlog\link.write.1.tlog
c:\qcmat-master\build\ccviewer\ccviewer.dir\debug\ccviewer.tlog\rc.command.1.tlog
c:\qcmat-master\build\ccviewer\ccviewer.dir\debug\ccviewer.tlog\rc.read.1.tlog
c:\qcmat-master\build\ccviewer\ccviewer.dir\debug\ccviewer.tlog\rc.write.1.tlog
