c:\qcmat-master\build\qcc\cloudcompare.dir\debug\vc141.pdb
c:\qcmat-master\build\qcc\cloudcompare.dir\debug\cccomparisondlg.obj
c:\qcmat-master\build\qcc\cloudcompare.dir\debug\cccommandlineparser.obj
c:\qcmat-master\build\qcc\cloudcompare.dir\debug\cccolorscaleselector.obj
c:\qcmat-master\build\qcc\cloudcompare.dir\debug\cccolorscaleeditorwidget.obj
c:\qcmat-master\build\qcc\cloudcompare.dir\debug\cccolorscaleeditordlg.obj
c:\qcmat-master\build\qcc\cloudcompare.dir\debug\cccolorlevelsdlg.obj
c:\qcmat-master\build\qcc\cloudcompare.dir\debug\cccolorgradientdlg.obj
c:\qcmat-master\build\qcc\cloudcompare.dir\debug\ccclippingboxtool.obj
c:\qcmat-master\build\qcc\cloudcompare.dir\debug\ccclippingboxrepeatdlg.obj
c:\qcmat-master\build\qcc\cloudcompare.dir\debug\cccameraparameditdlg.obj
c:\qcmat-master\build\qcc\cloudcompare.dir\debug\cccamsensorprojectiondlg.obj
c:\qcmat-master\build\qcc\cloudcompare.dir\debug\ccboundingboxeditordlg.obj
c:\qcmat-master\build\qcc\cloudcompare.dir\debug\ccasktwodoublevaluesdlg.obj
c:\qcmat-master\build\qcc\cloudcompare.dir\debug\ccaskthreedoublevaluesdlg.obj
c:\qcmat-master\build\qcc\cloudcompare.dir\debug\ccapplytransformationdlg.obj
c:\qcmat-master\build\qcc\cloudcompare.dir\debug\ccapplication.obj
c:\qcmat-master\build\qcc\cloudcompare.dir\debug\ccaligndlg.obj
c:\qcmat-master\build\qcc\cloudcompare.dir\debug\ccadjustzoomdlg.obj
c:\qcmat-master\build\qcc\cloudcompare.dir\debug\ccaboutdialog.obj
c:\qcmat-master\build\qcc\cloudcompare.dir\debug\cc2.5dimeditor.obj
c:\qcmat-master\build\qcc\cloudcompare.dir\debug\cclibalgorithms.obj
c:\qcmat-master\build\qcc\cloudcompare.dir\debug\cclabelingdlg.obj
c:\qcmat-master\build\qcc\cloudcompare.dir\debug\ccitemselectiondlg.obj
c:\qcmat-master\build\qcc\cloudcompare.dir\debug\ccinterpolationdlg.obj
c:\qcmat-master\build\qcc\cloudcompare.dir\debug\ccinnerrect2dfinder.obj
c:\qcmat-master\build\qcc\cloudcompare.dir\debug\cchistogramwindow.obj
c:\qcmat-master\build\qcc\cloudcompare.dir\debug\ccgraphicaltransformationtool.obj
c:\qcmat-master\build\qcc\cloudcompare.dir\debug\ccgraphicalsegmentationtool.obj
c:\qcmat-master\build\qcc\cloudcompare.dir\debug\ccgblsensorprojectiondlg.obj
c:\qcmat-master\build\qcc\cloudcompare.dir\debug\ccfilterbyvaluedlg.obj
c:\qcmat-master\build\qcc\cloudcompare.dir\debug\ccexportcoordtosfdlg.obj
c:\qcmat-master\build\qcc\cloudcompare.dir\debug\ccentityaction.obj
c:\qcmat-master\build\qcc\cloudcompare.dir\debug\ccdisplayoptionsdlg.obj
c:\qcmat-master\build\qcc\cloudcompare.dir\debug\ccdensitydlg.obj
c:\qcmat-master\build\qcc\cloudcompare.dir\debug\cccurvaturedlg.obj
c:\qcmat-master\build\qcc\cloudcompare.dir\debug\cccroptool.obj
c:\qcmat-master\build\qcc\cloudcompare.dir\debug\cccontourextractordlg.obj
c:\qcmat-master\build\qcc\cloudcompare.dir\debug\cccontourextractor.obj
c:\qcmat-master\build\qcc\cloudcompare.dir\debug\ccconsole.obj
c:\qcmat-master\build\qcc\cloudcompare.dir\debug\cccomputeoctreedlg.obj
c:\qcmat-master\build\qcc\cloudcompare.dir\debug\ccregistrationtools.obj
c:\qcmat-master\build\qcc\cloudcompare.dir\debug\ccregistrationdlg.obj
c:\qcmat-master\build\qcc\cloudcompare.dir\debug\ccrecentfiles.obj
c:\qcmat-master\build\qcc\cloudcompare.dir\debug\ccrasterizetool.obj
c:\qcmat-master\build\qcc\cloudcompare.dir\debug\ccptssamplingdlg.obj
c:\qcmat-master\build\qcc\cloudcompare.dir\debug\ccprimitivefactorydlg.obj
c:\qcmat-master\build\qcc\cloudcompare.dir\debug\ccpointpropertiesdlg.obj
c:\qcmat-master\build\qcc\cloudcompare.dir\debug\ccpointpickinggenericinterface.obj
c:\qcmat-master\build\qcc\cloudcompare.dir\debug\ccpointpairregistrationdlg.obj
c:\qcmat-master\build\qcc\cloudcompare.dir\debug\ccpointlistpickingdlg.obj
c:\qcmat-master\build\qcc\cloudcompare.dir\debug\ccplaneeditdlg.obj
c:\qcmat-master\build\qcc\cloudcompare.dir\debug\ccpickinghub.obj
c:\qcmat-master\build\qcc\cloudcompare.dir\debug\ccpickoneelementdlg.obj
c:\qcmat-master\build\qcc\cloudcompare.dir\debug\ccoverlaydialog.obj
c:\qcmat-master\build\qcc\cloudcompare.dir\debug\ccorthosectiongenerationdlg.obj
c:\qcmat-master\build\qcc\cloudcompare.dir\debug\ccorderchoicedlg.obj
c:\qcmat-master\build\qcc\cloudcompare.dir\debug\ccoptions.obj
c:\qcmat-master\build\qcc\cloudcompare.dir\debug\ccnormalcomputationdlg.obj
c:\qcmat-master\build\qcc\cloudcompare.dir\debug\ccnoisefilterdlg.obj
c:\qcmat-master\build\qcc\cloudcompare.dir\debug\ccmatchscalesdlg.obj
c:\qcmat-master\build\qcc\cloudcompare.dir\debug\mainwindow.obj
c:\qcmat-master\build\qcc\cloudcompare.dir\debug\main.obj
c:\qcmat-master\build\qcc\cloudcompare.dir\debug\ccwaveformdialog.obj
c:\qcmat-master\build\qcc\cloudcompare.dir\debug\ccvolumecalctool.obj
c:\qcmat-master\build\qcc\cloudcompare.dir\debug\ccutils.obj
c:\qcmat-master\build\qcc\cloudcompare.dir\debug\ccunrolldlg.obj
c:\qcmat-master\build\qcc\cloudcompare.dir\debug\cctracepolylinetool.obj
c:\qcmat-master\build\qcc\cloudcompare.dir\debug\ccsubsamplingdlg.obj
c:\qcmat-master\build\qcc\cloudcompare.dir\debug\ccstereomodedlg.obj
c:\qcmat-master\build\qcc\cloudcompare.dir\debug\ccstatisticaltestdlg.obj
c:\qcmat-master\build\qcc\cloudcompare.dir\debug\ccsensorcomputescatteringanglesdlg.obj
c:\qcmat-master\build\qcc\cloudcompare.dir\debug\ccsensorcomputedistancesdlg.obj
c:\qcmat-master\build\qcc\cloudcompare.dir\debug\ccselectchildrendlg.obj
c:\qcmat-master\build\qcc\cloudcompare.dir\debug\ccsectionextractiontool.obj
c:\qcmat-master\build\qcc\cloudcompare.dir\debug\ccsectionextractionsubdlg.obj
c:\qcmat-master\build\qcc\cloudcompare.dir\debug\ccscaledlg.obj
c:\qcmat-master\build\qcc\cloudcompare.dir\debug\ccscalarfieldfromcolordlg.obj
c:\qcmat-master\build\qcc\cloudcompare.dir\debug\ccscalarfieldarithmeticsdlg.obj
c:\qcmat-master\build\qcc\cloudcompare.dir\debug\ccsorfilterdlg.obj
c:\qcmat-master\build\qcc\cloudcompare.dir\debug\ccrendertofiledlg.obj
c:\qcmat-master\build\qcc\cloudcompare.dir\debug\mocs_compilation.obj
c:\qcmat-master\build\qcc\cloudcompare.dir\debug\qrc_pluginmanager.obj
c:\qcmat-master\build\qcc\cloudcompare.dir\debug\qrc_icones.obj
c:\qcmat-master\build\qcc\cloudcompare.dir\debug\ccpluginuimanager.obj
c:\qcmat-master\build\qcc\cloudcompare.dir\debug\ccpluginmanager.obj
c:\qcmat-master\build\qcc\cloudcompare.dir\debug\ccplugininfodlg.obj
c:\qcmat-master\build\qcc\cloudcompare.dir\debug\sfeditdlg.obj
c:\qcmat-master\build\qcc\cloudcompare.dir\debug\matrixdisplaydlg.obj
c:\qcmat-master\build\qcc\cloudcompare.dir\debug\ccpropertiestreedelegate.obj
c:\qcmat-master\build\qcc\cloudcompare.dir\debug\ccdbroot.obj
c:\qcmat-master\build\qcc\ui_aboutdlg.h
c:\qcmat-master\build\qcc\ui_adjustzoomdlg.h
c:\qcmat-master\build\qcc\ui_aligndlg.h
c:\qcmat-master\build\qcc\ui_applytransformationdlg.h
c:\qcmat-master\build\qcc\ui_askonedoublevaluedlg.h
c:\qcmat-master\build\qcc\ui_askoneintvaluedlg.h
c:\qcmat-master\build\qcc\ui_askonestringdlg.h
c:\qcmat-master\build\qcc\ui_askthreedoublevaluesdlg.h
c:\qcmat-master\build\qcc\ui_asktwodoublevaluesdlg.h
c:\qcmat-master\build\qcc\ui_boundingboxeditordlg.h
c:\qcmat-master\build\qcc\ui_camsensorprojectdlg.h
c:\qcmat-master\build\qcc\ui_cameraparamdlg.h
c:\qcmat-master\build\qcc\ui_clippingboxdlg.h
c:\qcmat-master\build\qcc\ui_clippingboxrepeatdlg.h
c:\qcmat-master\build\qcc\ui_colorgradientdlg.h
c:\qcmat-master\build\qcc\ui_colorlevelsdlg.h
c:\qcmat-master\build\qcc\ui_colorscaleeditordlg.h
c:\qcmat-master\build\qcc\ui_commandlinedlg.h
c:\qcmat-master\build\qcc\ui_comparisondlg.h
c:\qcmat-master\build\qcc\ui_computeoctreedlg.h
c:\qcmat-master\build\qcc\ui_contourextractordlg.h
c:\qcmat-master\build\qcc\ui_curvaturedlg.h
c:\qcmat-master\build\qcc\ui_densitydlg.h
c:\qcmat-master\build\qcc\ui_dipdirtransformationdlg.h
c:\qcmat-master\build\qcc\ui_displayoptionsdlg.h
c:\qcmat-master\build\qcc\ui_distancemapdlg.h
c:\qcmat-master\build\qcc\ui_exportcoordtosfdlg.h
c:\qcmat-master\build\qcc\ui_filterbyvaluedlg.h
c:\qcmat-master\build\qcc\ui_gblsensorprojectdlg.h
c:\qcmat-master\build\qcc\ui_globalshiftsettingsdlg.h
c:\qcmat-master\build\qcc\ui_graphicalsegmentationdlg.h
c:\qcmat-master\build\qcc\ui_graphicaltransformationdlg.h
c:\qcmat-master\build\qcc\ui_heightgridgenerationdlg.h
c:\qcmat-master\build\qcc\ui_histogramdlg.h
c:\qcmat-master\build\qcc\ui_interpolationdlg.h
c:\qcmat-master\build\qcc\ui_itemselectiondlg.h
c:\qcmat-master\build\qcc\ui_labelingdlg.h
c:\qcmat-master\build\qcc\ui_mainwindow.h
c:\qcmat-master\build\qcc\ui_matchscalesdlg.h
c:\qcmat-master\build\qcc\ui_matrixdisplaydlg.h
c:\qcmat-master\build\qcc\ui_noisefilterdlg.h
c:\qcmat-master\build\qcc\ui_normalcomputationdlg.h
c:\qcmat-master\build\qcc\ui_orthosectiongenerationdlg.h
c:\qcmat-master\build\qcc\ui_pickoneelementdlg.h
c:\qcmat-master\build\qcc\ui_planeeditdlg.h
c:\qcmat-master\build\qcc\ui_pointlistpickingdlg.h
c:\qcmat-master\build\qcc\ui_pointpairregistrationdlg.h
c:\qcmat-master\build\qcc\ui_pointpropertiesdlg.h
c:\qcmat-master\build\qcc\ui_primitivefactorydlg.h
c:\qcmat-master\build\qcc\ui_ptssamplingdlg.h
c:\qcmat-master\build\qcc\ui_rasterexportoptionsdlg.h
c:\qcmat-master\build\qcc\ui_rasterizedlg.h
c:\qcmat-master\build\qcc\ui_registrationdlg.h
c:\qcmat-master\build\qcc\ui_rendertofiledialog.h
c:\qcmat-master\build\qcc\ui_rolechoicedlg.h
c:\qcmat-master\build\qcc\ui_scalarfieldfromcolordlg.h
c:\qcmat-master\build\qcc\ui_scaledlg.h
c:\qcmat-master\build\qcc\ui_sectionextractiondlg.h
c:\qcmat-master\build\qcc\ui_sectionextractionsubdlg.h
c:\qcmat-master\build\qcc\ui_selectchildrendlg.h
c:\qcmat-master\build\qcc\ui_sensorcomputedistancesdlg.h
c:\qcmat-master\build\qcc\ui_sensorcomputescatteringanglesdlg.h
c:\qcmat-master\build\qcc\ui_sfarithmeticsdlg.h
c:\qcmat-master\build\qcc\ui_sfeditdlg.h
c:\qcmat-master\build\qcc\ui_sorfilterdlg.h
c:\qcmat-master\build\qcc\ui_statisticaltestdlg.h
c:\qcmat-master\build\qcc\ui_stereomodedlg.h
c:\qcmat-master\build\qcc\ui_subsamplingdlg.h
c:\qcmat-master\build\qcc\ui_tracepolylinedlg.h
c:\qcmat-master\build\qcc\ui_unrolldlg.h
c:\qcmat-master\build\qcc\ui_volumecalcdlg.h
c:\qcmat-master\build\qcc\ui_wavedlg.h
c:\qcmat-master\build\qcc\ui_ccplugininfodlg.h
c:\qcmat-master\build\qcc\qrc_icones.cpp
c:\qcmat-master\build\qcc\qrc_pluginmanager.cpp
c:\qcmat-master\build\qcc\cmakefiles\generate.stamp
c:\qcmat-master\build\qcc\debug\cloudcompare.ilk
c:\qcmat-master\build\qcc\debug\cloudcompare.exe
c:\qcmat-master\build\qcc\debug\cloudcompare.pdb
c:\qcmat-master\build\qcc\cloudcompare.dir\debug\cc_icon.res
c:\qcmat-master\build\qcc\cloudcompare.dir\debug\cloudcompare.tlog\cl.command.1.tlog
c:\qcmat-master\build\qcc\cloudcompare.dir\debug\cloudcompare.tlog\cl.read.1.tlog
c:\qcmat-master\build\qcc\cloudcompare.dir\debug\cloudcompare.tlog\cl.write.1.tlog
c:\qcmat-master\build\qcc\cloudcompare.dir\debug\cloudcompare.tlog\custombuild.command.1.tlog
c:\qcmat-master\build\qcc\cloudcompare.dir\debug\cloudcompare.tlog\custombuild.read.1.tlog
c:\qcmat-master\build\qcc\cloudcompare.dir\debug\cloudcompare.tlog\custombuild.write.1.tlog
c:\qcmat-master\build\qcc\cloudcompare.dir\debug\cloudcompare.tlog\link.command.1.tlog
c:\qcmat-master\build\qcc\cloudcompare.dir\debug\cloudcompare.tlog\link.read.1.tlog
c:\qcmat-master\build\qcc\cloudcompare.dir\debug\cloudcompare.tlog\link.write.1.tlog
c:\qcmat-master\build\qcc\cloudcompare.dir\debug\cloudcompare.tlog\rc.command.1.tlog
c:\qcmat-master\build\qcc\cloudcompare.dir\debug\cloudcompare.tlog\rc.read.1.tlog
c:\qcmat-master\build\qcc\cloudcompare.dir\debug\cloudcompare.tlog\rc.write.1.tlog
