c:\qcmat-master\build\cmakefiles\generate.stamp
c:\qcmat-master\build\cc\cmakefiles\generate.stamp
c:\qcmat-master\build\libs\ccfbo\cmakefiles\generate.stamp
c:\qcmat-master\build\libs\qcc_db\cmakefiles\generate.stamp
c:\qcmat-master\build\libs\qcc_io\cmakefiles\generate.stamp
c:\qcmat-master\build\libs\qcc_glwindow\cmakefiles\generate.stamp
c:\qcmat-master\build\libs\qcustomplot\cmakefiles\generate.stamp
c:\qcmat-master\build\plugins\cmakefiles\generate.stamp
c:\qcmat-master\build\plugins\core\cmakefiles\generate.stamp
c:\qcmat-master\build\plugins\core\qadditionalio\cmakefiles\generate.stamp
c:\qcmat-master\build\plugins\core\qanimation\cmakefiles\generate.stamp
c:\qcmat-master\build\plugins\core\qbroom\cmakefiles\generate.stamp
c:\qcmat-master\build\plugins\core\qcompass\cmakefiles\generate.stamp
c:\qcmat-master\build\plugins\core\qcompass\src\cmakefiles\generate.stamp
c:\qcmat-master\build\plugins\core\qcompass\ui\cmakefiles\generate.stamp
c:\qcmat-master\build\plugins\core\qcork\cmakefiles\generate.stamp
c:\qcmat-master\build\plugins\core\qcsf\cmakefiles\generate.stamp
c:\qcmat-master\build\plugins\core\qcsvmatrixio\cmakefiles\generate.stamp
c:\qcmat-master\build\plugins\core\qedl\cmakefiles\generate.stamp
c:\qcmat-master\build\plugins\core\qfacets\cmakefiles\generate.stamp
c:\qcmat-master\build\plugins\core\qhoughnormals\cmakefiles\generate.stamp
c:\qcmat-master\build\plugins\core\qhpr\cmakefiles\generate.stamp
c:\qcmat-master\build\plugins\core\qlas_fwf\cmakefiles\generate.stamp
c:\qcmat-master\build\plugins\core\qm3c2\cmakefiles\generate.stamp
c:\qcmat-master\build\plugins\core\qpcl\cmakefiles\generate.stamp
c:\qcmat-master\build\plugins\core\qpcv\cmakefiles\generate.stamp
c:\qcmat-master\build\plugins\core\qphotoscanio\cmakefiles\generate.stamp
c:\qcmat-master\build\plugins\core\qpoissonrecon\cmakefiles\generate.stamp
c:\qcmat-master\build\plugins\core\qransac_sd\cmakefiles\generate.stamp
c:\qcmat-master\build\plugins\core\qsra\cmakefiles\generate.stamp
c:\qcmat-master\build\plugins\core\qssao\cmakefiles\generate.stamp
c:\qcmat-master\build\plugins\example\cmakefiles\generate.stamp
c:\qcmat-master\build\plugins\example\exampleglplugin\cmakefiles\generate.stamp
c:\qcmat-master\build\plugins\example\exampleioplugin\cmakefiles\generate.stamp
c:\qcmat-master\build\plugins\3rdparty\cmakefiles\generate.stamp
c:\qcmat-master\build\plugins\qcmat\cmakefiles\generate.stamp
c:\qcmat-master\build\plugins\qcmat\ui\cmakefiles\generate.stamp
c:\qcmat-master\build\plugins\qcmat\src\cmakefiles\generate.stamp
c:\qcmat-master\build\qcc\cmakefiles\generate.stamp
c:\qcmat-master\build\qcc\db_tree\cmakefiles\generate.stamp
c:\qcmat-master\build\qcc\pluginmanager\cmakefiles\generate.stamp
c:\qcmat-master\build\ccviewer\cmakefiles\generate.stamp
c:\qcmat-master\build\x64\debug\zero_check\zero_check.tlog\custombuild.command.1.tlog
c:\qcmat-master\build\x64\debug\zero_check\zero_check.tlog\custombuild.read.1.tlog
c:\qcmat-master\build\x64\debug\zero_check\zero_check.tlog\custombuild.write.1.tlog
